<?xml version="1.0" encoding="UTF-8"?>
<testsuite xmlns:xsi="http://www.w3.org/2001/XMLSchema-instance" xsi:noNamespaceSchemaLocation="https://maven.apache.org/surefire/maven-surefire-plugin/xsd/surefire-test-report-3.0.xsd" version="3.0" name="com.RentalHome.BackEnd.BackEndApplicationTests" time="12.113" tests="1" errors="0" skipped="0" failures="0">
  <properties>
[...]
</properties>
  <testcase name="contextLoads" classname="com.RentalHome.BackEnd.BackEndApplicationTests" time="2.802">
    <system-out><![CDATA[13:50:27.835 [main] INFO org.springframework.test.context.support.AnnotationConfigContextLoaderUtils -- Could not detect default configuration classes for test class [com.RentalHome.BackEnd.BackEndApplicationTests]: BackEndApplicationTests does not declare any static, non-private, non-final, nested classes annotated with @Configuration.
13:50:28.119 [main] INFO org.springframework.boot.test.context.SpringBootTestContextBootstrapper -- Found @SpringBootConfiguration com.RentalHome.BackEnd.BackEndApplication for test class com.RentalHome.BackEnd.BackEndApplicationTests

  .   ____          _            __ _ _
 /\\ / ___'_ __ _ _(_)_ __  __ _ \ \ \ \
( ( )\___ | '_ | '_| | '_ \/ _` | \ \ \ \
 \\/  ___)| |_)| | | | | || (_| |  ) ) ) )
  '  |____| .__|_| |_|_| |_\__, | / / / /
 =========|_|==============|___/=/_/_/_/
 :: Spring Boot ::                (v3.2.3)

2024-03-20T13:50:29.430+05:30  INFO 268252 --- [BackEnd] [           main] c.R.BackEnd.BackEndApplicationTests      : Starting BackEndApplicationTests using Java 21.0.1 with PID 268252 (started by sukumar in D:\FULLSTACK RENDER.COM\BackEnd)
2024-03-20T13:50:29.435+05:30  INFO 268252 --- [BackEnd] [           main] c.R.BackEnd.BackEndApplicationTests      : No active profile set, falling back to 1 default profile: "default"
2024-03-20T13:50:31.261+05:30  INFO 268252 --- [BackEnd] [           main] .s.d.r.c.RepositoryConfigurationDelegate : Bootstrapping Spring Data MongoDB repositories in DEFAULT mode.
2024-03-20T13:50:31.495+05:30  INFO 268252 --- [BackEnd] [           main] .s.d.r.c.RepositoryConfigurationDelegate : Finished Spring Data repository scanning in 217 ms. Found 2 MongoDB repository interfaces.
2024-03-20T13:50:32.949+05:30  INFO 268252 --- [BackEnd] [btn.mongodb.net] org.mongodb.driver.cluster               : Adding discovered server ac-g3slce4-shard-00-01.66iwbtn.mongodb.net:27017 to client view of cluster
2024-03-20T13:50:32.976+05:30  INFO 268252 --- [BackEnd] [           main] org.mongodb.driver.client                : MongoClient with metadata {"driver": {"name": "mongo-java-driver|sync|spring-boot", "version": "4.11.1"}, "os": {"type": "Windows", "name": "Windows 10", "architecture": "amd64", "version": "10.0"}, "platform": "Java/Oracle Corporation/21.0.1+12-LTS-29"} created with settings MongoClientSettings{readPreference=primary, writeConcern=WriteConcern{w=null, wTimeout=null ms, journal=null}, retryWrites=true, retryReads=true, readConcern=ReadConcern{level=null}, credential=MongoCredential{mechanism=null, userName='rental', source='admin', password=<hidden>, mechanismProperties=<hidden>}, transportSettings=null, streamFactoryFactory=null, commandListeners=[], codecRegistry=ProvidersCodecRegistry{codecProviders=[ValueCodecProvider{}, BsonValueCodecProvider{}, DBRefCodecProvider{}, DBObjectCodecProvider{}, DocumentCodecProvider{}, CollectionCodecProvider{}, IterableCodecProvider{}, MapCodecProvider{}, GeoJsonCodecProvider{}, GridFSFileCodecProvider{}, Jsr310CodecProvider{}, JsonObjectCodecProvider{}, BsonCodecProvider{}, EnumCodecProvider{}, com.mongodb.client.model.mql.ExpressionCodecProvider@163042ea, com.mongodb.Jep395RecordCodecProvider@11d045b4, com.mongodb.KotlinCodecProvider@1fbf088b]}, loggerSettings=LoggerSettings{maxDocumentLength=1000}, clusterSettings={hosts=[127.0.0.1:27017], srvHost=rentalhomes.66iwbtn.mongodb.net, srvServiceName=mongodb, mode=MULTIPLE, requiredClusterType=REPLICA_SET, requiredReplicaSetName='atlas-mivtai-shard-0', serverSelector='null', clusterListeners='[]', serverSelectionTimeout='30000 ms', localThreshold='15 ms'}, socketSettings=SocketSettings{connectTimeoutMS=10000, readTimeoutMS=0, receiveBufferSize=0, proxySettings=ProxySettings{host=null, port=null, username=null, password=null}}, heartbeatSocketSettings=SocketSettings{connectTimeoutMS=10000, readTimeoutMS=10000, receiveBufferSize=0, proxySettings=ProxySettings{host=null, port=null, username=null, password=null}}, connectionPoolSettings=ConnectionPoolSettings{maxSize=100, minSize=0, maxWaitTimeMS=120000, maxConnectionLifeTimeMS=0, maxConnectionIdleTimeMS=0, maintenanceInitialDelayMS=0, maintenanceFrequencyMS=60000, connectionPoolListeners=[], maxConnecting=2}, serverSettings=ServerSettings{heartbeatFrequencyMS=10000, minHeartbeatFrequencyMS=500, serverListeners='[]', serverMonitorListeners='[]'}, sslSettings=SslSettings{enabled=true, invalidHostNameAllowed=false, context=null}, applicationName='null', compressorList=[], uuidRepresentation=JAVA_LEGACY, serverApi=null, autoEncryptionSettings=null, dnsClient=null, inetAddressResolver=null, contextProvider=null}
2024-03-20T13:50:33.033+05:30  INFO 268252 --- [BackEnd] [btn.mongodb.net] org.mongodb.driver.cluster               : Adding discovered server ac-g3slce4-shard-00-02.66iwbtn.mongodb.net:27017 to client view of cluster
2024-03-20T13:50:33.043+05:30  INFO 268252 --- [BackEnd] [btn.mongodb.net] org.mongodb.driver.cluster               : Adding discovered server ac-g3slce4-shard-00-00.66iwbtn.mongodb.net:27017 to client view of cluster
2024-03-20T13:50:35.050+05:30  INFO 268252 --- [BackEnd] [ngodb.net:27017] org.mongodb.driver.cluster               : Monitor thread successfully connected to server with description ServerDescription{address=ac-g3slce4-shard-00-02.66iwbtn.mongodb.net:27017, type=REPLICA_SET_SECONDARY, state=CONNECTED, ok=true, minWireVersion=0, maxWireVersion=21, maxDocumentSize=16777216, logicalSessionTimeoutMinutes=30, roundTripTimeNanos=1095195400, setName='atlas-mivtai-shard-0', canonicalAddress=ac-g3slce4-shard-00-02.66iwbtn.mongodb.net:27017, hosts=[ac-g3slce4-shard-00-01.66iwbtn.mongodb.net:27017, ac-g3slce4-shard-00-00.66iwbtn.mongodb.net:27017, ac-g3slce4-shard-00-02.66iwbtn.mongodb.net:27017], passives=[], arbiters=[], primary='ac-g3slce4-shard-00-01.66iwbtn.mongodb.net:27017', tagSet=TagSet{[Tag{name='availabilityZone', value='aps1-az2'}, Tag{name='diskState', value='READY'}, Tag{name='nodeType', value='ELECTABLE'}, Tag{name='provider', value='AWS'}, Tag{name='region', value='AP_SOUTH_1'}, Tag{name='workloadType', value='OPERATIONAL'}]}, electionId=null, setVersion=8, topologyVersion=TopologyVersion{processId=65f9aa72486fe4c9c6e31811, counter=3}, lastWriteDate=Wed Mar 20 13:50:33 IST 2024, lastUpdateTimeNanos=528408756760500}
2024-03-20T13:50:35.050+05:30  INFO 268252 --- [BackEnd] [ngodb.net:27017] org.mongodb.driver.cluster               : Monitor thread successfully connected to server with description ServerDescription{address=ac-g3slce4-shard-00-00.66iwbtn.mongodb.net:27017, type=REPLICA_SET_SECONDARY, state=CONNECTED, ok=true, minWireVersion=0, maxWireVersion=21, maxDocumentSize=16777216, logicalSessionTimeoutMinutes=30, roundTripTimeNanos=1095859600, setName='atlas-mivtai-shard-0', canonicalAddress=ac-g3slce4-shard-00-00.66iwbtn.mongodb.net:27017, hosts=[ac-g3slce4-shard-00-01.66iwbtn.mongodb.net:27017, ac-g3slce4-shard-00-00.66iwbtn.mongodb.net:27017, ac-g3slce4-shard-00-02.66iwbtn.mongodb.net:27017], passives=[], arbiters=[], primary='ac-g3slce4-shard-00-01.66iwbtn.mongodb.net:27017', tagSet=TagSet{[Tag{name='availabilityZone', value='aps1-az1'}, Tag{name='diskState', value='READY'}, Tag{name='nodeType', value='ELECTABLE'}, Tag{name='provider', value='AWS'}, Tag{name='region', value='AP_SOUTH_1'}, Tag{name='workloadType', value='OPERATIONAL'}]}, electionId=null, setVersion=8, topologyVersion=TopologyVersion{processId=65f9a9cceb9cc8a2e3fe3e72, counter=4}, lastWriteDate=Wed Mar 20 13:50:33 IST 2024, lastUpdateTimeNanos=528408757298800}
2024-03-20T13:50:35.050+05:30  INFO 268252 --- [BackEnd] [ngodb.net:27017] org.mongodb.driver.cluster               : Monitor thread successfully connected to server with description ServerDescription{address=ac-g3slce4-shard-00-01.66iwbtn.mongodb.net:27017, type=REPLICA_SET_PRIMARY, state=CONNECTED, ok=true, minWireVersion=0, maxWireVersion=21, maxDocumentSize=16777216, logicalSessionTimeoutMinutes=30, roundTripTimeNanos=1095253101, setName='atlas-mivtai-shard-0', canonicalAddress=ac-g3slce4-shard-00-01.66iwbtn.mongodb.net:27017, hosts=[ac-g3slce4-shard-00-01.66iwbtn.mongodb.net:27017, ac-g3slce4-shard-00-00.66iwbtn.mongodb.net:27017, ac-g3slce4-shard-00-02.66iwbtn.mongodb.net:27017], passives=[], arbiters=[], primary='ac-g3slce4-shard-00-01.66iwbtn.mongodb.net:27017', tagSet=TagSet{[Tag{name='availabilityZone', value='aps1-az3'}, Tag{name='diskState', value='READY'}, Tag{name='nodeType', value='ELECTABLE'}, Tag{name='provider', value='AWS'}, Tag{name='region', value='AP_SOUTH_1'}, Tag{name='workloadType', value='OPERATIONAL'}]}, electionId=7fffffff0000000000000019, setVersion=8, topologyVersion=TopologyVersion{processId=65f9aa1f8cb6746822cde0e9, counter=6}, lastWriteDate=Wed Mar 20 13:50:33 IST 2024, lastUpdateTimeNanos=528408756755700}
2024-03-20T13:50:35.069+05:30  INFO 268252 --- [BackEnd] [ngodb.net:27017] org.mongodb.driver.cluster               : Discovered replica set primary ac-g3slce4-shard-00-01.66iwbtn.mongodb.net:27017 with max election id 7fffffff0000000000000019 and max set version 8
2024-03-20T13:50:36.583+05:30  INFO 268252 --- [BackEnd] [           main] c.R.BackEnd.BackEndApplicationTests      : Started BackEndApplicationTests in 7.92 seconds (process running for 10.792)
]]></system-out>
    <system-err><![CDATA[WARNING: A Java agent has been loaded dynamically (C:\Users\sukumar\.m2\repository\net\bytebuddy\byte-buddy-agent\1.14.12\byte-buddy-agent-1.14.12.jar)
WARNING: If a serviceability tool is in use, please run with -XX:+EnableDynamicAgentLoading to hide this warning
WARNING: If a serviceability tool is not in use, please run with -Djdk.instrument.traceUsage for more information
WARNING: Dynamic loading of agents will be disallowed by default in a future release
]]></system-err>
  </testcase>
</testsuite>